<?xml version="1.0" encoding="UTF-8"?>
<!-- Generated by org.testng.reporters.JUnitReportReporter -->
<testsuite hostname="Confluxsyss-Mac-mini.local" failures="0" tests="1" name="TestNG" time="0.023" errors="0" timestamp="2023-10-04T11:00:22 IST" skipped="0">
  <testcase classname="TestNG" name="f" time="0.023"/>
  <system-out/>
</testsuite> <!-- TestNG -->
