<?xml version="1.0" encoding="UTF-8"?>
<!-- Generated by org.testng.reporters.JUnitReportReporter -->
<testsuite hostname="Confluxsyss-Mac-mini.local" failures="0" tests="1" name="TestClass" time="0.013" errors="0" timestamp="2023-10-04T14:25:02 IST" skipped="0">
  <testcase classname="TestClass" name="foo" time="0.013"/>
  <system-out/>
</testsuite> <!-- TestClass -->
